============================================================
CSV-BASED CLASSIFICATION - TARGETED BACKLOG PROCESSOR
============================================================
Reading from: unclassified_top1000_20260306_135331.csv
Loaded 1000 packages from CSV
Starting with 17,228 classified packages

  Error on vercel/next.js/authoring-skills: ('23000', "[23000] [Microsoft][ODBC Driver 18 for SQL Server][SQL Server]Violation of UNIQUE KEY constraint 'UQ_forge_classification_package'. Cannot insert duplicate key in object 'dbo.forge_classification'. The duplicate key value is (skills, vercel/next.js/authoring-skills, 0.0.0). (2627) (SQLExecDirectW)")
  Error on vercel/next.js/flags: ('23000', "[23000] [Microsoft][ODBC Driver 18 for SQL Server][SQL Server]Violation of UNIQUE KEY constraint 'UQ_forge_classification_package'. Cannot insert duplicate key in object 'dbo.forge_classification'. The duplicate key value is (skills, vercel/next.js/flags, 0.0.0). (2627) (SQLExecDirectW)")
  Error on vercel/next.js/react-vendoring: ('23000', "[23000] [Microsoft][ODBC Driver 18 for SQL Server][SQL Server]Violation of UNIQUE KEY constraint 'UQ_forge_classification_package'. Cannot insert duplicate key in object 'dbo.forge_classification'. The duplicate key value is (skills, vercel/next.js/react-vendoring, 0.0.0). (2627) (SQLExecDirectW)")
  Error on vercel/next.js/runtime-debug: ('23000', "[23000] [Microsoft][ODBC Driver 18 for SQL Server][SQL Server]Violation of UNIQUE KEY constraint 'UQ_forge_classification_package'. Cannot insert duplicate key in object 'dbo.forge_classification'. The duplicate key value is (skills, vercel/next.js/runtime-debug, 0.0.0). (2627) (SQLExecDirectW)")
  Error on vercel/next.js/update-docs: ('23000', "[23000] [Microsoft][ODBC Driver 18 for SQL Server][SQL Server]Violation of UNIQUE KEY constraint 'UQ_forge_classification_package'. Cannot insert duplicate key in object 'dbo.forge_classification'. The duplicate key value is (skills, vercel/next.js/update-docs, 0.0.0). (2627) (SQLExecDirectW)")
Progress: 300/1000 - Inserted: 50, Skipped: 33
Progress: 350/1000 - Inserted: 94, Skipped: 37
Progress: 400/1000 - Inserted: 144, Skipped: 37
Progress: 450/1000 - Inserted: 194, Skipped: 37
Progress: 500/1000 - Inserted: 244, Skipped: 37
Progress: 550/1000 - Inserted: 287, Skipped: 44
Progress: 600/1000 - Inserted: 337, Skipped: 44
Progress: 650/1000 - Inserted: 383, Skipped: 44
Progress: 700/1000 - Inserted: 431, Skipped: 45
Progress: 750/1000 - Inserted: 481, Skipped: 45
Progress: 800/1000 - Inserted: 530, Skipped: 46
Progress: 850/1000 - Inserted: 580, Skipped: 46
Progress: 900/1000 - Inserted: 614, Skipped: 46
Progress: 950/1000 - Inserted: 662, Skipped: 48
Progress: 1000/1000 - Inserted: 709, Skipped: 51

============================================================
CSV CLASSIFICATION COMPLETE
============================================================
Packages processed: 1000
Successfully classified: 709
Already classified: 51
Errors: 240
Total classified in database: 17,937 (+709)

✅ CSV backlog processing complete!
